0 info it worked if it ends with ok
1 verbose cli [ '/home/amartinez/.nvm/versions/node/v4.2.0/bin/node',
1 verbose cli   '/home/amartinez/.nvm/versions/node/v4.2.0/bin/npm',
1 verbose cli   'run',
1 verbose cli   'deploy' ]
2 info using npm@2.14.7
3 info using node@v4.2.0
4 verbose run-script [ 'predeploy', 'deploy', 'postdeploy' ]
5 info predeploy jgipsy@
6 verbose unsafe-perm in lifecycle true
7 info deploy jgipsy@
8 verbose unsafe-perm in lifecycle true
9 info jgipsy@ Failed to exec deploy script
10 verbose stack Error: jgipsy@ deploy: `./scripts/deploy.sh`
10 verbose stack Exit status 1
10 verbose stack     at EventEmitter.<anonymous> (/home/amartinez/.nvm/versions/node/v4.2.0/lib/node_modules/npm/lib/utils/lifecycle.js:214:16)
10 verbose stack     at emitTwo (events.js:87:13)
10 verbose stack     at EventEmitter.emit (events.js:172:7)
10 verbose stack     at ChildProcess.<anonymous> (/home/amartinez/.nvm/versions/node/v4.2.0/lib/node_modules/npm/lib/utils/spawn.js:24:14)
10 verbose stack     at emitTwo (events.js:87:13)
10 verbose stack     at ChildProcess.emit (events.js:172:7)
10 verbose stack     at maybeClose (internal/child_process.js:818:16)
10 verbose stack     at Process.ChildProcess._handle.onexit (internal/child_process.js:211:5)
11 verbose pkgid jgipsy@
12 verbose cwd /home/amartinez/ANGEL/WEB/jgipsy.github.io
13 error Linux 4.4.0-31-generic
14 error argv "/home/amartinez/.nvm/versions/node/v4.2.0/bin/node" "/home/amartinez/.nvm/versions/node/v4.2.0/bin/npm" "run" "deploy"
15 error node v4.2.0
16 error npm  v2.14.7
17 error code ELIFECYCLE
18 error jgipsy@ deploy: `./scripts/deploy.sh`
18 error Exit status 1
19 error Failed at the jgipsy@ deploy script './scripts/deploy.sh'.
19 error This is most likely a problem with the jgipsy package,
19 error not with npm itself.
19 error Tell the author that this fails on your system:
19 error     ./scripts/deploy.sh
19 error You can get their info via:
19 error     npm owner ls jgipsy
19 error There is likely additional logging output above.
20 verbose exit [ 1, true ]
